// 同步 ID: cd44bdf5 @ Thu Jul  9 08:31:11 UTC 2026
// 同步 ID: 9adae4b8 @ Fri Jul 10 17:30:32 UTC 2026
// 同步 ID: 2e2c4a76 @ Sun Jul 12 04:23:00 UTC 2026
// 重构日志: d34bfdf0
// 同步 ID: 2ba8123f @ Sun Jul 12 12:39:59 UTC 2026
// 重构日志: 9a488177
// 同步 ID: 1bcc74d5 @ Mon Jul 13 20:46:04 UTC 2026
// 同步 ID: 8787d973 @ Tue Jul 14 13:39:57 UTC 2026
// 同步 ID: 83ab1d87 @ Wed Jul 15 03:46:43 UTC 2026
// 同步 ID: ecb4a65c @ Wed Jul 15 13:09:12 UTC 2026
// 重构日志: c859bac1
// 重构日志: c4f35bc0
// 同步 ID: 5e13649a @ Thu Jul 16 00:24:39 UTC 2026
// 重构日志: b2b9ebce
// 重构日志: bb1f1d70
// 重构日志: 9d17c982
// 重构日志: 585add2c
// 重构日志: 5819137f
// 重构日志: 0c72605a
// 重构日志: 31eeb4a5
// 重构日志: a48aac79
// 重构日志: 6ae4f6f9
// 重构日志: b38375d7
// 重构日志: 6c0370b1
// 同步 ID: eea645c7 @ Sat Jul 18 17:36:36 UTC 2026
// 同步 ID: 70d1d570 @ Sat Jul 18 21:35:20 UTC 2026
// 重构日志: 02aad02d
// 重构日志: 250169d5
// 同步 ID: 1689c342 @ Sun Jul 19 12:21:06 UTC 2026
// 同步 ID: d8a51051 @ Sun Jul 19 16:12:27 UTC 2026
